0 info it worked if it ends with ok
1 verbose cli [ '/usr/local/bin/node',
1 verbose cli   '/usr/local/bin/npm',
1 verbose cli   'install',
1 verbose cli   'jStor' ]
2 info using npm@1.3.24
3 info using node@v0.10.25
4 verbose readDependencies using package.json deps
5 verbose cache add [ 'jStor', null ]
6 verbose cache add name=undefined spec="jStor" args=["jStor",null]
7 verbose parsed url { protocol: null,
7 verbose parsed url   slashes: null,
7 verbose parsed url   auth: null,
7 verbose parsed url   host: null,
7 verbose parsed url   port: null,
7 verbose parsed url   hostname: null,
7 verbose parsed url   hash: null,
7 verbose parsed url   search: null,
7 verbose parsed url   query: null,
7 verbose parsed url   pathname: 'jStor',
7 verbose parsed url   path: 'jStor',
7 verbose parsed url   href: 'jStor' }
8 silly lockFile a24e8e1a-jStor jStor
9 verbose lock jStor /home/beckgoodloe/.npm/a24e8e1a-jStor.lock
10 silly lockFile a24e8e1a-jStor jStor
11 silly lockFile a24e8e1a-jStor jStor
12 verbose addNamed [ 'jStor', '' ]
13 verbose addNamed [ null, '*' ]
14 silly lockFile afda60ea-jStor jStor@
15 verbose lock jStor@ /home/beckgoodloe/.npm/afda60ea-jStor.lock
16 silly addNameRange { name: 'jStor', range: '*', hasData: false }
17 verbose url raw jStor
18 verbose url resolving [ 'https://registry.npmjs.org/', './jStor' ]
19 verbose url resolved https://registry.npmjs.org/jStor
20 info trying registry request attempt 1 at 08:05:04
21 http GET https://registry.npmjs.org/jStor
22 http 404 https://registry.npmjs.org/jStor
23 silly registry.get cb [ 404,
23 silly registry.get   { date: 'Wed, 19 Mar 2014 13:05:05 GMT',
23 silly registry.get     server: 'CouchDB/1.6.0+build.fauxton-91-g5a2864b (Erlang OTP/R14B04)',
23 silly registry.get     'content-type': 'application/json',
23 silly registry.get     via: '1.1 varnish',
23 silly registry.get     'cache-control': 'max-age=0',
23 silly registry.get     'content-length': '52',
23 silly registry.get     'accept-ranges': 'bytes',
23 silly registry.get     age: '0',
23 silly registry.get     'x-served-by': 'cache-v41-ASH, cache-c48-CHI',
23 silly registry.get     'x-cache': 'MISS, MISS',
23 silly registry.get     'x-cache-hits': '0, 0',
23 silly registry.get     'x-timer': 'S1395234305.078188181,VS0,VS-464,VE-355,VE127',
23 silly registry.get     'keep-alive': 'timeout=10, max=50',
23 silly registry.get     connection: 'Keep-Alive' } ]
24 silly lockFile afda60ea-jStor jStor@
25 silly lockFile afda60ea-jStor jStor@
26 error 404 'jStor' is not in the npm registry.
26 error 404 You should bug the author to publish it
26 error 404 It was specified as a dependency of 'application-name'
26 error 404
26 error 404 Note that you can also install from a
26 error 404 tarball, folder, or http url, or git url.
27 error System Linux 3.8.0-32-generic
28 error command "/usr/local/bin/node" "/usr/local/bin/npm" "install" "jStor"
29 error cwd /home/beckgoodloe/Desktop/uil
30 error node -v v0.10.25
31 error npm -v 1.3.24
32 error code E404
33 verbose exit [ 1, true ]
